2020-02-27 00:02:59 INFO  App:26 - Requesting Input...
2020-02-27 00:02:516 INFO  App:37 - Received Input...
2020-02-27 00:02:518 INFO  Calculation:11 - Inside calculation() of Caluclation class
2020-02-27 00:02:518 INFO  Calculation:12 - Exiting calculate method...
2020-02-27 00:02:519 INFO  App:47 - Construction cost is successfully calculated...
2020-02-27 00:02:872 INFO  App:26 - Requesting Input...
2020-02-27 00:02:813 INFO  App:37 - Received Input...
2020-02-27 00:02:815 INFO  Calculation:11 - Inside calculation() of Caluclation class
2020-02-27 00:02:816 INFO  Calculation:12 - Exiting calculate method...
2020-02-27 00:02:816 INFO  App:47 - Construction cost is successfully calculated...
2020-02-27 00:02:259 INFO  App:26 - Requesting Input...
2020-02-27 00:02:647 INFO  App:37 - Received Input...
2020-02-27 00:02:648 INFO  Calculation:11 - Inside calculation() of Caluclation class
2020-02-27 00:02:649 INFO  Calculation:12 - Exiting calculate method...
2020-02-27 00:02:650 INFO  App:47 - Construction cost is successfully calculated...
2020-02-27 00:02:143 INFO  App:26 - Requesting Input...
2020-02-27 00:02:107 INFO  App:37 - Received Input...
2020-02-27 00:02:109 INFO  Calculation:11 - Inside calculation() of Caluclation class
2020-02-27 00:02:109 INFO  Calculation:12 - Exiting calculate method...
2020-02-27 00:02:111 INFO  App:47 - Construction cost is successfully calculated...
2020-02-27 00:02:570 INFO  App:26 - Requesting Input...
2020-02-27 00:02:174 ERROR App:40 - Invalid Input...
2020-02-27 00:02:301 INFO  Calculation:11 - Inside calculation() of Caluclation class
2020-02-27 00:02:301 INFO  Calculation:12 - Exiting calculate method...
2020-02-27 00:02:302 ERROR App:50 - Invalid Choice...
